2025-03-13 15:11:03,894 - INFO - NSE Scraper initialized with 30 stocks
2025-03-13 15:11:03,900 - INFO - Starting NSE data scraping at 2025-03-13 15:11:03
2025-03-13 15:11:03,903 - INFO - Scraping market statistics from https://www.nse.co.ke/dataservices/market-statistics/
2025-03-13 15:11:07,001 - INFO - Found 6 tables on market statistics page
2025-03-13 15:11:07,071 - INFO - Saved table 1 with shape (16, 3) to nse_data/market_statistics/table_1_20250313_151103.csv
2025-03-13 15:11:07,078 - INFO - Saved table 2 with shape (0, 8) to nse_data/market_statistics/table_2_20250313_151103.csv
2025-03-13 15:11:07,086 - INFO - Saved table 3 with shape (4, 6) to nse_data/market_statistics/table_3_20250313_151103.csv
2025-03-13 15:11:07,092 - INFO - Saved table 4 with shape (1, 6) to nse_data/market_statistics/table_4_20250313_151103.csv
2025-03-13 15:11:07,099 - INFO - Saved table 5 with shape (2, 3) to nse_data/market_statistics/table_5_20250313_151103.csv
2025-03-13 15:11:07,107 - INFO - Saved table 6 with shape (1, 3) to nse_data/market_statistics/table_6_20250313_151103.csv
2025-03-13 15:11:07,109 - INFO - Scraping historical data links from https://www.nse.co.ke/dataservices/historical-data/
2025-03-13 15:11:07,892 - INFO - Found 0 download links
2025-03-13 15:11:07,893 - INFO - Scraping data from myStocks Kenya
2025-03-13 15:11:07,893 - INFO - Scraping EQTY from myStocks Kenya
2025-03-13 15:11:08,144 - INFO - Successfully scraped EQTY data
2025-03-13 15:11:10,146 - INFO - Scraping KCB from myStocks Kenya
2025-03-13 15:11:10,670 - INFO - Successfully scraped KCB data
2025-03-13 15:11:12,685 - INFO - Scraping COOP from myStocks Kenya
2025-03-13 15:11:12,976 - INFO - Successfully scraped COOP data
2025-03-13 15:11:14,984 - INFO - Scraping ABSA from myStocks Kenya
2025-03-13 15:11:15,258 - INFO - Successfully scraped ABSA data
2025-03-13 15:11:17,270 - INFO - Scraping SCBK from myStocks Kenya
2025-03-13 15:11:17,574 - INFO - Successfully scraped SCBK data
2025-03-13 15:11:19,580 - INFO - Scraping DTK from myStocks Kenya
2025-03-13 15:11:19,847 - INFO - Successfully scraped DTK data
2025-03-13 15:11:21,852 - INFO - Scraping IMH from myStocks Kenya
2025-03-13 15:11:22,126 - INFO - Successfully scraped IMH data
2025-03-13 15:11:24,129 - INFO - Scraping NCBA from myStocks Kenya
2025-03-13 15:11:24,390 - INFO - Successfully scraped NCBA data
2025-03-13 15:11:26,402 - INFO - Scraping SCOM from myStocks Kenya
2025-03-13 15:11:26,784 - INFO - Successfully scraped SCOM data
2025-03-13 15:11:28,790 - INFO - Scraping EABL from myStocks Kenya
2025-03-13 15:11:29,044 - INFO - Successfully scraped EABL data
2025-03-13 15:11:31,052 - INFO - Scraping BAT from myStocks Kenya
2025-03-13 15:11:31,380 - INFO - Successfully scraped BAT data
2025-03-13 15:11:33,383 - INFO - Scraping BAMB from myStocks Kenya
2025-03-13 15:11:33,658 - INFO - Successfully scraped BAMB data
2025-03-13 15:11:35,670 - INFO - Scraping KEGN from myStocks Kenya
2025-03-13 15:11:35,916 - INFO - Successfully scraped KEGN data
2025-03-13 15:11:37,926 - INFO - Scraping KPLC from myStocks Kenya
2025-03-13 15:11:38,178 - INFO - Successfully scraped KPLC data
2025-03-13 15:11:40,182 - INFO - Scraping JUB from myStocks Kenya
2025-03-13 15:11:40,486 - INFO - Successfully scraped JUB data
2025-03-13 15:11:42,498 - INFO - Scraping BRIT from myStocks Kenya
2025-03-13 15:11:42,767 - INFO - Successfully scraped BRIT data
2025-03-13 15:11:44,772 - INFO - Scraping CIC from myStocks Kenya
2025-03-13 15:11:45,038 - INFO - Successfully scraped CIC data
2025-03-13 15:11:47,040 - INFO - Scraping CTUM from myStocks Kenya
2025-03-13 15:11:47,393 - INFO - Successfully scraped CTUM data
2025-03-13 15:11:49,401 - INFO - Scraping NBV from myStocks Kenya
2025-03-13 15:11:49,965 - INFO - Successfully scraped NBV data
2025-03-13 15:11:51,967 - INFO - Scraping HAFR from myStocks Kenya
2025-03-13 15:11:52,213 - INFO - Successfully scraped HAFR data
2025-03-13 15:11:54,224 - INFO - Scraping TOTL from myStocks Kenya
2025-03-13 15:11:54,468 - INFO - Successfully scraped TOTL data
2025-03-13 15:11:56,476 - INFO - Scraping KENO from myStocks Kenya
2025-03-13 15:11:56,749 - INFO - Successfully scraped KENO data
2025-03-13 15:11:58,752 - INFO - Scraping KUKZ from myStocks Kenya
2025-03-13 15:11:59,020 - INFO - Successfully scraped KUKZ data
2025-03-13 15:12:01,036 - INFO - Scraping SASN from myStocks Kenya
2025-03-13 15:12:02,320 - INFO - Successfully scraped SASN data
2025-03-13 15:12:04,328 - INFO - Scraping KAPC from myStocks Kenya
2025-03-13 15:12:04,586 - INFO - Successfully scraped KAPC data
2025-03-13 15:12:06,591 - INFO - Scraping SIC from myStocks Kenya
2025-03-13 15:12:06,699 - ERROR - Error scraping SIC from myStocks: 404 Client Error: Object "SIC" not found for url: https://live.mystocks.co.ke/stock=SIC
2025-03-13 15:12:06,700 - INFO - Scraping SCAN from myStocks Kenya
2025-03-13 15:12:06,947 - INFO - Successfully scraped SCAN data
2025-03-13 15:12:08,949 - INFO - Scraping NMG from myStocks Kenya
2025-03-13 15:12:09,229 - INFO - Successfully scraped NMG data
2025-03-13 15:12:11,239 - INFO - Scraping LKL from myStocks Kenya
2025-03-13 15:12:11,619 - INFO - Successfully scraped LKL data
2025-03-13 15:12:13,631 - INFO - Scraping UMME from myStocks Kenya
2025-03-13 15:12:13,866 - INFO - Successfully scraped UMME data
2025-03-13 15:12:15,881 - INFO - Saved myStocks data to nse_data/mystocks/stock_data_20250313_151103.csv
2025-03-13 15:12:15,884 - INFO - Scraping NSE indices data from Investing.com
2025-03-13 15:12:15,885 - INFO - Scraping NSE_20 from https://www.investing.com/indices/kenya-nse-20-historical-data
2025-03-13 15:12:17,500 - WARNING - No data table found for NSE_20
2025-03-13 15:12:20,504 - INFO - Scraping NASI from https://www.investing.com/indices/nairobi-all-share-historical-data
2025-03-13 15:12:22,176 - WARNING - No data table found for NASI
2025-03-13 15:12:25,182 - INFO - Collecting information about NSE datasets from Mendeley Data
2025-03-13 15:12:25,184 - INFO - Getting metadata for NSE_Stocks_2022 from https://data.mendeley.com/datasets/jmcdmnyh2s
2025-03-13 15:12:27,530 - INFO - Successfully collected metadata for NSE_Stocks_2022
2025-03-13 15:12:30,541 - INFO - Getting metadata for NSE_Stocks_2023_2024 from https://data.mendeley.com/datasets/ss5pfw8xnk/1
2025-03-13 15:12:32,318 - INFO - Successfully collected metadata for NSE_Stocks_2023_2024
2025-03-13 15:12:35,328 - INFO - Saved Mendeley dataset information to nse_data/mendeley/dataset_info_20250313_151103.csv
2025-03-13 15:12:35,330 - INFO - Note: To download the actual datasets, please visit the Mendeley Data website
2025-03-13 15:12:35,330 - INFO - Scraping completed! All data saved to c:\xampp\htdocs\PesaGuru\notebooks\predictive_modeling\nse_data
2025-03-13 15:21:40,673 - INFO - Setting historical data range: 2015-01-01 to 2025-03-13
2025-03-13 15:21:40,674 - INFO - NSE Historical Scraper initialized with 30 stocks for years 2015-2025
2025-03-13 15:21:40,675 - INFO - Starting NSE historical data scraping for 2015-01-01 to 2025-03-13
2025-03-13 15:21:40,677 - INFO - Scraping market statistics from https://www.nse.co.ke/dataservices/market-statistics/
2025-03-13 15:21:41,692 - INFO - Found 6 tables on market statistics page
2025-03-13 15:21:41,705 - INFO - Saved table 1 with shape (16, 3) to nse_historical_data/market_statistics/table_1_20250313_152140.csv
2025-03-13 15:21:41,714 - INFO - Saved table 2 with shape (0, 8) to nse_historical_data/market_statistics/table_2_20250313_152140.csv
2025-03-13 15:21:41,722 - INFO - Saved table 3 with shape (4, 6) to nse_historical_data/market_statistics/table_3_20250313_152140.csv
2025-03-13 15:21:41,729 - INFO - Saved table 4 with shape (1, 6) to nse_historical_data/market_statistics/table_4_20250313_152140.csv
2025-03-13 15:21:41,737 - INFO - Saved table 5 with shape (2, 3) to nse_historical_data/market_statistics/table_5_20250313_152140.csv
2025-03-13 15:21:41,742 - INFO - Saved table 6 with shape (1, 3) to nse_historical_data/market_statistics/table_6_20250313_152140.csv
2025-03-13 15:21:41,745 - INFO - Scraping historical data links from https://www.nse.co.ke/dataservices/historical-data/
2025-03-13 15:21:42,787 - INFO - Found 0 relevant historical data links (2015-2025)
2025-03-13 15:21:42,789 - INFO - Scraping NSE indices historical data from Investing.com
2025-03-13 15:21:42,790 - INFO - Scraping historical data for NSE_20 from https://www.investing.com/indices/kenya-nse-20-historical-data
2025-03-13 15:21:42,791 - INFO - Requesting data with date range: https://www.investing.com/indices/kenya-nse-20-historical-data?st_date=01/01/2015&end_date=03/13/2025
2025-03-13 15:21:44,853 - WARNING - No data table found for NSE_20
2025-03-13 15:21:47,854 - INFO - Scraping historical data for NASI from https://www.investing.com/indices/nairobi-all-share-historical-data
2025-03-13 15:21:47,855 - INFO - Requesting data with date range: https://www.investing.com/indices/nairobi-all-share-historical-data?st_date=01/01/2015&end_date=03/13/2025
2025-03-13 15:21:49,836 - WARNING - No data table found for NASI
2025-03-13 15:21:52,839 - INFO - Scraping historical stock data from Yahoo Finance
2025-03-13 15:21:52,841 - INFO - Scraping historical data for EQTY.NR from Yahoo Finance
2025-03-13 15:21:53,538 - ERROR - Error scraping historical data for EQTY.NR from Yahoo Finance: 404 Client Error: Not Found for url: https://query1.finance.yahoo.com/v8/finance/chart/EQTY.NR?symbol=EQTY.NR&period1=1420059600&period2=1741813200&interval=1d&includePrePost=false&events=div%2Csplit
2025-03-13 15:21:53,540 - INFO - Scraping historical data for KCB.NR from Yahoo Finance
2025-03-13 15:21:54,031 - ERROR - Error scraping historical data for KCB.NR from Yahoo Finance: 404 Client Error: Not Found for url: https://query1.finance.yahoo.com/v8/finance/chart/KCB.NR?symbol=KCB.NR&period1=1420059600&period2=1741813200&interval=1d&includePrePost=false&events=div%2Csplit
2025-03-13 15:21:54,037 - INFO - Scraping historical data for COOP.NR from Yahoo Finance
2025-03-13 15:21:54,552 - ERROR - Error scraping historical data for COOP.NR from Yahoo Finance: 404 Client Error: Not Found for url: https://query1.finance.yahoo.com/v8/finance/chart/COOP.NR?symbol=COOP.NR&period1=1420059600&period2=1741813200&interval=1d&includePrePost=false&events=div%2Csplit
2025-03-13 15:21:54,558 - INFO - Scraping historical data for ABSA.NR from Yahoo Finance
2025-03-13 15:21:55,147 - ERROR - Error scraping historical data for ABSA.NR from Yahoo Finance: 404 Client Error: Not Found for url: https://query1.finance.yahoo.com/v8/finance/chart/ABSA.NR?symbol=ABSA.NR&period1=1420059600&period2=1741813200&interval=1d&includePrePost=false&events=div%2Csplit
2025-03-13 15:21:55,154 - INFO - Scraping historical data for SCBK.NR from Yahoo Finance
2025-03-13 15:21:55,706 - WARNING - Incomplete data received for SCBK.NR
2025-03-13 15:21:57,718 - INFO - Scraping historical data for DTK.NR from Yahoo Finance
2025-03-13 15:21:58,352 - ERROR - Error scraping historical data for DTK.NR from Yahoo Finance: 404 Client Error: Not Found for url: https://query1.finance.yahoo.com/v8/finance/chart/DTK.NR?symbol=DTK.NR&period1=1420059600&period2=1741813200&interval=1d&includePrePost=false&events=div%2Csplit
2025-03-13 15:21:58,354 - INFO - Scraping historical data for IMH.NR from Yahoo Finance
2025-03-13 15:21:58,880 - ERROR - Error scraping historical data for IMH.NR from Yahoo Finance: 404 Client Error: Not Found for url: https://query1.finance.yahoo.com/v8/finance/chart/IMH.NR?symbol=IMH.NR&period1=1420059600&period2=1741813200&interval=1d&includePrePost=false&events=div%2Csplit
2025-03-13 15:21:58,888 - INFO - Scraping historical data for NCBA.NR from Yahoo Finance
2025-03-13 15:21:59,472 - ERROR - Error scraping historical data for NCBA.NR from Yahoo Finance: 404 Client Error: Not Found for url: https://query1.finance.yahoo.com/v8/finance/chart/NCBA.NR?symbol=NCBA.NR&period1=1420059600&period2=1741813200&interval=1d&includePrePost=false&events=div%2Csplit
2025-03-13 15:21:59,478 - INFO - Scraping historical data for SCOM.NR from Yahoo Finance
2025-03-13 15:22:00,050 - ERROR - Error scraping historical data for SCOM.NR from Yahoo Finance: 404 Client Error: Not Found for url: https://query1.finance.yahoo.com/v8/finance/chart/SCOM.NR?symbol=SCOM.NR&period1=1420059600&period2=1741813200&interval=1d&includePrePost=false&events=div%2Csplit
2025-03-13 15:22:00,054 - INFO - Scraping historical data for EABL.NR from Yahoo Finance
2025-03-13 15:22:00,553 - WARNING - Incomplete data received for EABL.NR
2025-03-13 15:22:02,561 - INFO - Scraping historical data for BAT.NR from Yahoo Finance
2025-03-13 15:22:03,163 - ERROR - Error scraping historical data for BAT.NR from Yahoo Finance: 404 Client Error: Not Found for url: https://query1.finance.yahoo.com/v8/finance/chart/BAT.NR?symbol=BAT.NR&period1=1420059600&period2=1741813200&interval=1d&includePrePost=false&events=div%2Csplit
2025-03-13 15:22:03,164 - INFO - Scraping historical data for BAMB.NR from Yahoo Finance
2025-03-13 15:22:03,684 - WARNING - Incomplete data received for BAMB.NR
2025-03-13 15:22:05,694 - INFO - Scraping historical data for KEGN.NR from Yahoo Finance
2025-03-13 15:22:06,600 - ERROR - Error scraping historical data for KEGN.NR from Yahoo Finance: 404 Client Error: Not Found for url: https://query1.finance.yahoo.com/v8/finance/chart/KEGN.NR?symbol=KEGN.NR&period1=1420059600&period2=1741813200&interval=1d&includePrePost=false&events=div%2Csplit
2025-03-13 15:22:06,606 - INFO - Scraping historical data for KPLC.NR from Yahoo Finance
2025-03-13 15:22:07,361 - WARNING - Incomplete data received for KPLC.NR
2025-03-13 15:22:09,370 - INFO - Scraping historical data for JUB.NR from Yahoo Finance
2025-03-13 15:22:11,247 - ERROR - Error scraping historical data for JUB.NR from Yahoo Finance: 404 Client Error: Not Found for url: https://query1.finance.yahoo.com/v8/finance/chart/JUB.NR?symbol=JUB.NR&period1=1420059600&period2=1741813200&interval=1d&includePrePost=false&events=div%2Csplit
2025-03-13 15:22:11,249 - INFO - Scraping historical data for BRIT.NR from Yahoo Finance
2025-03-13 15:22:12,284 - ERROR - Error scraping historical data for BRIT.NR from Yahoo Finance: 404 Client Error: Not Found for url: https://query1.finance.yahoo.com/v8/finance/chart/BRIT.NR?symbol=BRIT.NR&period1=1420059600&period2=1741813200&interval=1d&includePrePost=false&events=div%2Csplit
2025-03-13 15:22:12,291 - INFO - Scraping historical data for CIC.NR from Yahoo Finance
2025-03-13 15:22:13,396 - ERROR - Error scraping historical data for CIC.NR from Yahoo Finance: 404 Client Error: Not Found for url: https://query1.finance.yahoo.com/v8/finance/chart/CIC.NR?symbol=CIC.NR&period1=1420059600&period2=1741813200&interval=1d&includePrePost=false&events=div%2Csplit
2025-03-13 15:22:13,398 - INFO - Scraping historical data for CTUM.NR from Yahoo Finance
2025-03-13 15:22:14,140 - ERROR - Error scraping historical data for CTUM.NR from Yahoo Finance: 404 Client Error: Not Found for url: https://query1.finance.yahoo.com/v8/finance/chart/CTUM.NR?symbol=CTUM.NR&period1=1420059600&period2=1741813200&interval=1d&includePrePost=false&events=div%2Csplit
2025-03-13 15:22:14,143 - INFO - Scraping historical data for NBV.NR from Yahoo Finance
2025-03-13 15:22:15,179 - ERROR - Error scraping historical data for NBV.NR from Yahoo Finance: 404 Client Error: Not Found for url: https://query1.finance.yahoo.com/v8/finance/chart/NBV.NR?symbol=NBV.NR&period1=1420059600&period2=1741813200&interval=1d&includePrePost=false&events=div%2Csplit
2025-03-13 15:22:15,183 - INFO - Scraping historical data for HAFR.NR from Yahoo Finance
2025-03-13 15:22:16,202 - ERROR - Error scraping historical data for HAFR.NR from Yahoo Finance: 404 Client Error: Not Found for url: https://query1.finance.yahoo.com/v8/finance/chart/HAFR.NR?symbol=HAFR.NR&period1=1420059600&period2=1741813200&interval=1d&includePrePost=false&events=div%2Csplit
2025-03-13 15:22:16,205 - INFO - Scraping historical data for TOTL.NR from Yahoo Finance
2025-03-13 15:22:17,079 - ERROR - Error scraping historical data for TOTL.NR from Yahoo Finance: 404 Client Error: Not Found for url: https://query1.finance.yahoo.com/v8/finance/chart/TOTL.NR?symbol=TOTL.NR&period1=1420059600&period2=1741813200&interval=1d&includePrePost=false&events=div%2Csplit
2025-03-13 15:22:17,082 - INFO - Scraping historical data for KENO.NR from Yahoo Finance
2025-03-13 15:22:18,170 - ERROR - Error scraping historical data for KENO.NR from Yahoo Finance: 404 Client Error: Not Found for url: https://query1.finance.yahoo.com/v8/finance/chart/KENO.NR?symbol=KENO.NR&period1=1420059600&period2=1741813200&interval=1d&includePrePost=false&events=div%2Csplit
2025-03-13 15:22:18,172 - INFO - Scraping historical data for KUKZ.NR from Yahoo Finance
2025-03-13 15:22:19,239 - ERROR - Error scraping historical data for KUKZ.NR from Yahoo Finance: 404 Client Error: Not Found for url: https://query1.finance.yahoo.com/v8/finance/chart/KUKZ.NR?symbol=KUKZ.NR&period1=1420059600&period2=1741813200&interval=1d&includePrePost=false&events=div%2Csplit
2025-03-13 15:22:19,241 - INFO - Scraping historical data for SASN.NR from Yahoo Finance
2025-03-13 15:22:19,927 - ERROR - Error scraping historical data for SASN.NR from Yahoo Finance: 404 Client Error: Not Found for url: https://query1.finance.yahoo.com/v8/finance/chart/SASN.NR?symbol=SASN.NR&period1=1420059600&period2=1741813200&interval=1d&includePrePost=false&events=div%2Csplit
2025-03-13 15:22:19,929 - INFO - Scraping historical data for KAPC.NR from Yahoo Finance
2025-03-13 15:22:20,541 - ERROR - Error scraping historical data for KAPC.NR from Yahoo Finance: 404 Client Error: Not Found for url: https://query1.finance.yahoo.com/v8/finance/chart/KAPC.NR?symbol=KAPC.NR&period1=1420059600&period2=1741813200&interval=1d&includePrePost=false&events=div%2Csplit
2025-03-13 15:22:20,543 - INFO - Scraping historical data for SIC.NR from Yahoo Finance
2025-03-13 15:22:21,504 - ERROR - Error scraping historical data for SIC.NR from Yahoo Finance: 404 Client Error: Not Found for url: https://query1.finance.yahoo.com/v8/finance/chart/SIC.NR?symbol=SIC.NR&period1=1420059600&period2=1741813200&interval=1d&includePrePost=false&events=div%2Csplit
2025-03-13 15:22:21,506 - INFO - Scraping historical data for SCAN.NR from Yahoo Finance
2025-03-13 15:22:22,058 - ERROR - Error scraping historical data for SCAN.NR from Yahoo Finance: 404 Client Error: Not Found for url: https://query1.finance.yahoo.com/v8/finance/chart/SCAN.NR?symbol=SCAN.NR&period1=1420059600&period2=1741813200&interval=1d&includePrePost=false&events=div%2Csplit
2025-03-13 15:22:22,069 - INFO - Scraping historical data for NMG.NR from Yahoo Finance
2025-03-13 15:22:22,790 - ERROR - Error scraping historical data for NMG.NR from Yahoo Finance: 404 Client Error: Not Found for url: https://query1.finance.yahoo.com/v8/finance/chart/NMG.NR?symbol=NMG.NR&period1=1420059600&period2=1741813200&interval=1d&includePrePost=false&events=div%2Csplit
2025-03-13 15:22:22,807 - INFO - Scraping historical data for LKL.NR from Yahoo Finance
2025-03-13 15:22:23,464 - ERROR - Error scraping historical data for LKL.NR from Yahoo Finance: 404 Client Error: Not Found for url: https://query1.finance.yahoo.com/v8/finance/chart/LKL.NR?symbol=LKL.NR&period1=1420059600&period2=1741813200&interval=1d&includePrePost=false&events=div%2Csplit
2025-03-13 15:22:23,467 - INFO - Scraping historical data for UMME.NR from Yahoo Finance
2025-03-13 15:22:24,012 - ERROR - Error scraping historical data for UMME.NR from Yahoo Finance: 404 Client Error: Not Found for url: https://query1.finance.yahoo.com/v8/finance/chart/UMME.NR?symbol=UMME.NR&period1=1420059600&period2=1741813200&interval=1d&includePrePost=false&events=div%2Csplit
2025-03-13 15:22:24,016 - INFO - Attempting to scrape historical data from myStocks Kenya
2025-03-13 15:22:24,020 - INFO - Checking for historical data for EQTY at https://live.mystocks.co.ke/stock=EQTY/history
2025-03-13 15:22:24,167 - ERROR - Error fetching historical data for EQTY from myStocks: 404 Client Error: Not Found for url: https://live.mystocks.co.ke/stock=EQTY/history
2025-03-13 15:22:24,169 - INFO - Checking for historical data for KCB at https://live.mystocks.co.ke/stock=KCB/history
2025-03-13 15:22:24,296 - ERROR - Error fetching historical data for KCB from myStocks: 404 Client Error: Not Found for url: https://live.mystocks.co.ke/stock=KCB/history
2025-03-13 15:22:24,298 - INFO - Checking for historical data for COOP at https://live.mystocks.co.ke/stock=COOP/history
2025-03-13 15:22:24,497 - ERROR - Error fetching historical data for COOP from myStocks: 404 Client Error: Not Found for url: https://live.mystocks.co.ke/stock=COOP/history
2025-03-13 15:22:24,498 - INFO - Checking for historical data for ABSA at https://live.mystocks.co.ke/stock=ABSA/history
2025-03-13 15:22:24,704 - ERROR - Error fetching historical data for ABSA from myStocks: 404 Client Error: Not Found for url: https://live.mystocks.co.ke/stock=ABSA/history
2025-03-13 15:22:24,705 - INFO - Checking for historical data for SCBK at https://live.mystocks.co.ke/stock=SCBK/history
2025-03-13 15:22:24,888 - ERROR - Error fetching historical data for SCBK from myStocks: 404 Client Error: Not Found for url: https://live.mystocks.co.ke/stock=SCBK/history
2025-03-13 15:22:24,890 - INFO - Checking for historical data for DTK at https://live.mystocks.co.ke/stock=DTK/history
2025-03-13 15:22:25,023 - ERROR - Error fetching historical data for DTK from myStocks: 404 Client Error: Not Found for url: https://live.mystocks.co.ke/stock=DTK/history
2025-03-13 15:22:25,024 - INFO - Checking for historical data for IMH at https://live.mystocks.co.ke/stock=IMH/history
2025-03-13 15:22:25,162 - ERROR - Error fetching historical data for IMH from myStocks: 404 Client Error: Not Found for url: https://live.mystocks.co.ke/stock=IMH/history
2025-03-13 15:22:25,164 - INFO - Checking for historical data for NCBA at https://live.mystocks.co.ke/stock=NCBA/history
2025-03-13 15:22:25,269 - ERROR - Error fetching historical data for NCBA from myStocks: 404 Client Error: Not Found for url: https://live.mystocks.co.ke/stock=NCBA/history
2025-03-13 15:22:25,270 - INFO - Checking for historical data for SCOM at https://live.mystocks.co.ke/stock=SCOM/history
2025-03-13 15:22:25,382 - ERROR - Error fetching historical data for SCOM from myStocks: 404 Client Error: Not Found for url: https://live.mystocks.co.ke/stock=SCOM/history
2025-03-13 15:22:25,383 - INFO - Checking for historical data for EABL at https://live.mystocks.co.ke/stock=EABL/history
2025-03-13 15:22:25,499 - ERROR - Error fetching historical data for EABL from myStocks: 404 Client Error: Not Found for url: https://live.mystocks.co.ke/stock=EABL/history
2025-03-13 15:22:25,501 - INFO - Checking for historical data for BAT at https://live.mystocks.co.ke/stock=BAT/history
2025-03-13 15:22:25,616 - ERROR - Error fetching historical data for BAT from myStocks: 404 Client Error: Not Found for url: https://live.mystocks.co.ke/stock=BAT/history
2025-03-13 15:22:25,617 - INFO - Checking for historical data for BAMB at https://live.mystocks.co.ke/stock=BAMB/history
2025-03-13 15:22:25,732 - ERROR - Error fetching historical data for BAMB from myStocks: 404 Client Error: Not Found for url: https://live.mystocks.co.ke/stock=BAMB/history
2025-03-13 15:22:25,733 - INFO - Checking for historical data for KEGN at https://live.mystocks.co.ke/stock=KEGN/history
2025-03-13 15:22:25,860 - ERROR - Error fetching historical data for KEGN from myStocks: 404 Client Error: Not Found for url: https://live.mystocks.co.ke/stock=KEGN/history
2025-03-13 15:22:25,862 - INFO - Checking for historical data for KPLC at https://live.mystocks.co.ke/stock=KPLC/history
2025-03-13 15:22:25,994 - ERROR - Error fetching historical data for KPLC from myStocks: 404 Client Error: Not Found for url: https://live.mystocks.co.ke/stock=KPLC/history
2025-03-13 15:22:25,995 - INFO - Checking for historical data for JUB at https://live.mystocks.co.ke/stock=JUB/history
2025-03-13 15:22:26,122 - ERROR - Error fetching historical data for JUB from myStocks: 404 Client Error: Not Found for url: https://live.mystocks.co.ke/stock=JUB/history
2025-03-13 15:22:26,124 - INFO - Checking for historical data for BRIT at https://live.mystocks.co.ke/stock=BRIT/history
2025-03-13 15:22:26,258 - ERROR - Error fetching historical data for BRIT from myStocks: 404 Client Error: Not Found for url: https://live.mystocks.co.ke/stock=BRIT/history
2025-03-13 15:22:26,262 - INFO - Checking for historical data for CIC at https://live.mystocks.co.ke/stock=CIC/history
2025-03-13 15:22:26,502 - ERROR - Error fetching historical data for CIC from myStocks: 404 Client Error: Not Found for url: https://live.mystocks.co.ke/stock=CIC/history
2025-03-13 15:22:26,503 - INFO - Checking for historical data for CTUM at https://live.mystocks.co.ke/stock=CTUM/history
2025-03-13 15:22:26,662 - ERROR - Error fetching historical data for CTUM from myStocks: 404 Client Error: Not Found for url: https://live.mystocks.co.ke/stock=CTUM/history
2025-03-13 15:22:26,663 - INFO - Checking for historical data for NBV at https://live.mystocks.co.ke/stock=NBV/history
2025-03-13 15:22:26,782 - ERROR - Error fetching historical data for NBV from myStocks: 404 Client Error: Not Found for url: https://live.mystocks.co.ke/stock=NBV/history
2025-03-13 15:22:26,783 - INFO - Checking for historical data for HAFR at https://live.mystocks.co.ke/stock=HAFR/history
2025-03-13 15:22:26,914 - ERROR - Error fetching historical data for HAFR from myStocks: 404 Client Error: Not Found for url: https://live.mystocks.co.ke/stock=HAFR/history
2025-03-13 15:22:26,916 - INFO - Checking for historical data for TOTL at https://live.mystocks.co.ke/stock=TOTL/history
2025-03-13 15:22:27,039 - ERROR - Error fetching historical data for TOTL from myStocks: 404 Client Error: Not Found for url: https://live.mystocks.co.ke/stock=TOTL/history
2025-03-13 15:22:27,040 - INFO - Checking for historical data for KENO at https://live.mystocks.co.ke/stock=KENO/history
2025-03-13 15:22:27,159 - ERROR - Error fetching historical data for KENO from myStocks: 404 Client Error: Not Found for url: https://live.mystocks.co.ke/stock=KENO/history
2025-03-13 15:22:27,162 - INFO - Checking for historical data for KUKZ at https://live.mystocks.co.ke/stock=KUKZ/history
2025-03-13 15:22:27,285 - ERROR - Error fetching historical data for KUKZ from myStocks: 404 Client Error: Not Found for url: https://live.mystocks.co.ke/stock=KUKZ/history
2025-03-13 15:22:27,286 - INFO - Checking for historical data for SASN at https://live.mystocks.co.ke/stock=SASN/history
2025-03-13 15:22:27,403 - ERROR - Error fetching historical data for SASN from myStocks: 404 Client Error: Not Found for url: https://live.mystocks.co.ke/stock=SASN/history
2025-03-13 15:22:27,404 - INFO - Checking for historical data for KAPC at https://live.mystocks.co.ke/stock=KAPC/history
2025-03-13 15:22:27,513 - ERROR - Error fetching historical data for KAPC from myStocks: 404 Client Error: Not Found for url: https://live.mystocks.co.ke/stock=KAPC/history
2025-03-13 15:22:27,514 - INFO - Checking for historical data for SIC at https://live.mystocks.co.ke/stock=SIC/history
2025-03-13 15:22:27,647 - ERROR - Error fetching historical data for SIC from myStocks: 404 Client Error: Not Found for url: https://live.mystocks.co.ke/stock=SIC/history
2025-03-13 15:22:27,649 - INFO - Checking for historical data for SCAN at https://live.mystocks.co.ke/stock=SCAN/history
2025-03-13 15:22:27,769 - ERROR - Error fetching historical data for SCAN from myStocks: 404 Client Error: Not Found for url: https://live.mystocks.co.ke/stock=SCAN/history
2025-03-13 15:22:27,770 - INFO - Checking for historical data for NMG at https://live.mystocks.co.ke/stock=NMG/history
2025-03-13 15:22:27,958 - ERROR - Error fetching historical data for NMG from myStocks: 404 Client Error: Not Found for url: https://live.mystocks.co.ke/stock=NMG/history
2025-03-13 15:22:27,960 - INFO - Checking for historical data for LKL at https://live.mystocks.co.ke/stock=LKL/history
2025-03-13 15:22:28,104 - ERROR - Error fetching historical data for LKL from myStocks: 404 Client Error: Not Found for url: https://live.mystocks.co.ke/stock=LKL/history
2025-03-13 15:22:28,105 - INFO - Checking for historical data for UMME at https://live.mystocks.co.ke/stock=UMME/history
2025-03-13 15:22:28,363 - ERROR - Error fetching historical data for UMME from myStocks: 404 Client Error: Not Found for url: https://live.mystocks.co.ke/stock=UMME/history
2025-03-13 15:22:28,365 - INFO - Merging historical data from all sources
2025-03-13 15:22:28,371 - INFO - Merging historical data for EQTY
2025-03-13 15:30:49,455 - INFO - NSE Scraper initialized with 30 stocks
2025-03-13 15:30:49,458 - INFO - Starting NSE data scraping at 2025-03-13 15:30:49
2025-03-13 15:30:49,459 - INFO - Scraping market statistics from https://www.nse.co.ke/dataservices/market-statistics/
2025-03-13 15:30:50,723 - INFO - Found 6 tables on market statistics page
2025-03-13 15:30:50,748 - INFO - Saved table 1 with shape (16, 3) to nse_data/market_statistics/table_1_20250313_153049.csv
2025-03-13 15:30:50,766 - INFO - Saved table 2 with shape (0, 8) to nse_data/market_statistics/table_2_20250313_153049.csv
2025-03-13 15:30:50,795 - INFO - Saved table 3 with shape (4, 6) to nse_data/market_statistics/table_3_20250313_153049.csv
2025-03-13 15:30:50,822 - INFO - Saved table 4 with shape (1, 6) to nse_data/market_statistics/table_4_20250313_153049.csv
2025-03-13 15:30:50,831 - INFO - Saved table 5 with shape (2, 3) to nse_data/market_statistics/table_5_20250313_153049.csv
2025-03-13 15:30:50,840 - INFO - Saved table 6 with shape (1, 3) to nse_data/market_statistics/table_6_20250313_153049.csv
2025-03-13 15:30:50,844 - INFO - Scraping historical data links from https://www.nse.co.ke/dataservices/historical-data/
2025-03-13 15:30:51,872 - INFO - Found 0 download links
2025-03-13 15:30:51,873 - INFO - Scraping data from myStocks Kenya
2025-03-13 15:30:51,876 - INFO - Scraping EQTY from myStocks Kenya
2025-03-13 15:30:52,387 - INFO - Successfully scraped EQTY data
2025-03-13 15:30:54,400 - INFO - Scraping KCB from myStocks Kenya
2025-03-13 15:31:10,009 - INFO - Successfully scraped KCB data
2025-03-13 15:31:12,018 - INFO - Scraping COOP from myStocks Kenya
2025-03-13 15:31:12,345 - INFO - Successfully scraped COOP data
2025-03-13 15:31:14,348 - INFO - Scraping ABSA from myStocks Kenya
2025-03-13 15:31:14,698 - INFO - Successfully scraped ABSA data
2025-03-13 15:31:16,702 - INFO - Scraping SCBK from myStocks Kenya
2025-03-13 15:31:17,020 - INFO - Successfully scraped SCBK data
2025-03-13 15:31:19,027 - INFO - Scraping DTK from myStocks Kenya
2025-03-13 15:31:19,535 - INFO - Successfully scraped DTK data
2025-03-13 15:31:21,537 - INFO - Scraping IMH from myStocks Kenya
2025-03-13 15:31:21,877 - INFO - Successfully scraped IMH data
2025-03-13 15:31:23,887 - INFO - Scraping NCBA from myStocks Kenya
2025-03-13 15:31:24,202 - INFO - Successfully scraped NCBA data
2025-03-13 15:31:26,214 - INFO - Scraping SCOM from myStocks Kenya
2025-03-13 15:31:26,544 - INFO - Successfully scraped SCOM data
2025-03-13 15:31:28,561 - INFO - Scraping EABL from myStocks Kenya
2025-03-13 15:31:28,898 - INFO - Successfully scraped EABL data
2025-03-13 15:31:30,907 - INFO - Scraping BAT from myStocks Kenya
2025-03-13 15:31:31,242 - INFO - Successfully scraped BAT data
2025-03-13 15:31:33,252 - INFO - Scraping BAMB from myStocks Kenya
2025-03-13 15:31:33,561 - INFO - Successfully scraped BAMB data
2025-03-13 15:31:35,577 - INFO - Scraping KEGN from myStocks Kenya
2025-03-13 15:31:35,931 - INFO - Successfully scraped KEGN data
2025-03-13 15:31:37,941 - INFO - Scraping KPLC from myStocks Kenya
2025-03-13 15:31:38,255 - INFO - Successfully scraped KPLC data
2025-03-13 15:31:40,260 - INFO - Scraping JUB from myStocks Kenya
2025-03-13 15:31:40,730 - INFO - Successfully scraped JUB data
2025-03-13 15:31:42,741 - INFO - Scraping BRIT from myStocks Kenya
2025-03-13 15:31:43,119 - INFO - Successfully scraped BRIT data
2025-03-13 15:31:45,134 - INFO - Scraping CIC from myStocks Kenya
2025-03-13 15:31:45,432 - INFO - Successfully scraped CIC data
2025-03-13 15:31:47,443 - INFO - Scraping CTUM from myStocks Kenya
2025-03-13 15:31:47,746 - INFO - Successfully scraped CTUM data
2025-03-13 15:31:49,757 - INFO - Scraping NBV from myStocks Kenya
2025-03-13 15:31:50,080 - INFO - Successfully scraped NBV data
2025-03-13 15:31:52,092 - INFO - Scraping HAFR from myStocks Kenya
2025-03-13 15:31:52,495 - INFO - Successfully scraped HAFR data
2025-03-13 15:31:54,502 - INFO - Scraping TOTL from myStocks Kenya
2025-03-13 15:31:54,854 - INFO - Successfully scraped TOTL data
2025-03-13 15:31:56,866 - INFO - Scraping KENO from myStocks Kenya
2025-03-13 15:31:57,267 - INFO - Successfully scraped KENO data
2025-03-13 15:31:59,283 - INFO - Scraping KUKZ from myStocks Kenya
2025-03-13 15:31:59,640 - INFO - Successfully scraped KUKZ data
2025-03-13 15:32:01,651 - INFO - Scraping SASN from myStocks Kenya
2025-03-13 15:32:01,967 - INFO - Successfully scraped SASN data
2025-03-13 15:32:03,981 - INFO - Scraping KAPC from myStocks Kenya
2025-03-13 15:32:04,497 - INFO - Successfully scraped KAPC data
2025-03-13 15:32:06,502 - INFO - Scraping SIC from myStocks Kenya
2025-03-13 15:32:06,682 - ERROR - Error scraping SIC from myStocks: 404 Client Error: Object "SIC" not found for url: https://live.mystocks.co.ke/stock=SIC
2025-03-13 15:32:06,682 - INFO - Scraping SCAN from myStocks Kenya
2025-03-13 15:32:07,010 - INFO - Successfully scraped SCAN data
2025-03-13 15:32:09,025 - INFO - Scraping NMG from myStocks Kenya
2025-03-13 15:32:09,379 - INFO - Successfully scraped NMG data
2025-03-13 15:32:11,389 - INFO - Scraping LKL from myStocks Kenya
2025-03-13 15:32:11,714 - INFO - Successfully scraped LKL data
2025-03-13 15:32:13,728 - INFO - Scraping UMME from myStocks Kenya
2025-03-13 15:32:14,032 - INFO - Successfully scraped UMME data
2025-03-13 15:32:16,052 - INFO - Saved myStocks data to nse_data/mystocks/stock_data_20250313_153049.csv
2025-03-13 15:32:16,054 - INFO - Scraping NSE indices data from Investing.com for 2015-2025
2025-03-13 15:32:16,055 - INFO - Scraping NSE_20 from https://www.investing.com/indices/kenya-nse-20-historical-data for 2015-2025
2025-03-13 15:32:19,079 - WARNING - No data table found for NSE_20 with date range, falling back to default data
2025-03-13 15:32:19,085 - WARNING - No data table found for NSE_20
2025-03-13 15:32:22,089 - INFO - Scraping NASI from https://www.investing.com/indices/nairobi-all-share-historical-data for 2015-2025
2025-03-13 15:32:25,145 - WARNING - No data table found for NASI with date range, falling back to default data
2025-03-13 15:32:25,152 - WARNING - No data table found for NASI
2025-03-13 15:32:28,164 - INFO - Collecting information about NSE datasets from Mendeley Data
2025-03-13 15:32:28,165 - INFO - Getting metadata for NSE_Stocks_2022 from https://data.mendeley.com/datasets/jmcdmnyh2s
2025-03-13 15:32:30,410 - INFO - Successfully collected metadata for NSE_Stocks_2022
2025-03-13 15:32:33,418 - INFO - Getting metadata for NSE_Stocks_2023_2024 from https://data.mendeley.com/datasets/ss5pfw8xnk/1
2025-03-13 15:32:33,989 - INFO - Successfully collected metadata for NSE_Stocks_2023_2024
2025-03-13 15:32:37,007 - INFO - Saved Mendeley dataset information to nse_data/mendeley/dataset_info_20250313_153049.csv
2025-03-13 15:32:37,009 - INFO - Note: To download the actual datasets, please visit the Mendeley Data website
2025-03-13 15:32:37,012 - INFO - Scraping completed! All data saved to c:\xampp\htdocs\PesaGuru\notebooks\predictive_modeling\nse_data
2025-03-13 15:33:46,506 - INFO - NSE Scraper initialized with 30 stocks
2025-03-13 15:33:46,508 - INFO - Starting NSE data scraping at 2025-03-13 15:33:46
2025-03-13 15:33:46,510 - INFO - Scraping market statistics from https://www.nse.co.ke/dataservices/market-statistics/
2025-03-13 15:33:47,505 - INFO - Found 6 tables on market statistics page
2025-03-13 15:33:47,524 - INFO - Saved table 1 with shape (16, 3) to nse_data/market_statistics/table_1_20250313_153346.csv
2025-03-13 15:33:47,532 - INFO - Saved table 2 with shape (0, 8) to nse_data/market_statistics/table_2_20250313_153346.csv
2025-03-13 15:33:47,539 - INFO - Saved table 3 with shape (4, 6) to nse_data/market_statistics/table_3_20250313_153346.csv
2025-03-13 15:33:47,545 - INFO - Saved table 4 with shape (1, 6) to nse_data/market_statistics/table_4_20250313_153346.csv
2025-03-13 15:33:47,554 - INFO - Saved table 5 with shape (2, 3) to nse_data/market_statistics/table_5_20250313_153346.csv
2025-03-13 15:33:47,558 - INFO - Saved table 6 with shape (1, 3) to nse_data/market_statistics/table_6_20250313_153346.csv
2025-03-13 15:33:47,559 - INFO - Scraping historical data links from https://www.nse.co.ke/dataservices/historical-data/
2025-03-13 15:33:48,576 - INFO - Found 0 download links
2025-03-13 15:33:48,577 - INFO - Scraping data from myStocks Kenya
2025-03-13 15:33:48,579 - INFO - Scraping EQTY from myStocks Kenya
2025-03-13 15:33:48,945 - INFO - Successfully scraped EQTY data
2025-03-13 15:33:50,956 - INFO - Scraping KCB from myStocks Kenya
2025-03-13 15:33:51,293 - INFO - Successfully scraped KCB data
2025-03-13 15:33:53,296 - INFO - Scraping COOP from myStocks Kenya
2025-03-13 15:33:53,779 - INFO - Successfully scraped COOP data
2025-03-13 15:33:55,795 - INFO - Scraping ABSA from myStocks Kenya
2025-03-13 15:33:56,098 - INFO - Successfully scraped ABSA data
2025-03-13 15:33:58,112 - INFO - Scraping SCBK from myStocks Kenya
2025-03-13 15:33:58,469 - INFO - Successfully scraped SCBK data
2025-03-13 15:34:00,475 - INFO - Scraping DTK from myStocks Kenya
2025-03-13 15:34:00,779 - INFO - Successfully scraped DTK data
2025-03-13 15:34:02,781 - INFO - Scraping IMH from myStocks Kenya
2025-03-13 15:34:03,071 - INFO - Successfully scraped IMH data
2025-03-13 15:34:05,073 - INFO - Scraping NCBA from myStocks Kenya
2025-03-13 15:34:05,374 - INFO - Successfully scraped NCBA data
2025-03-13 15:34:07,378 - INFO - Scraping SCOM from myStocks Kenya
2025-03-13 15:34:07,709 - INFO - Successfully scraped SCOM data
2025-03-13 15:34:09,722 - INFO - Scraping EABL from myStocks Kenya
2025-03-13 15:34:10,046 - INFO - Successfully scraped EABL data
2025-03-13 15:34:12,050 - INFO - Scraping BAT from myStocks Kenya
2025-03-13 15:34:12,352 - INFO - Successfully scraped BAT data
2025-03-13 15:34:14,362 - INFO - Scraping BAMB from myStocks Kenya
2025-03-13 15:34:14,817 - INFO - Successfully scraped BAMB data
2025-03-13 15:34:16,841 - INFO - Scraping KEGN from myStocks Kenya
2025-03-13 15:34:17,142 - INFO - Successfully scraped KEGN data
2025-03-13 15:34:19,146 - INFO - Scraping KPLC from myStocks Kenya
2025-03-13 15:34:19,443 - INFO - Successfully scraped KPLC data
2025-03-13 15:34:21,458 - INFO - Scraping JUB from myStocks Kenya
2025-03-13 15:34:21,806 - INFO - Successfully scraped JUB data
2025-03-13 15:34:23,808 - INFO - Scraping BRIT from myStocks Kenya
2025-03-13 15:34:24,115 - INFO - Successfully scraped BRIT data
2025-03-13 15:34:26,121 - INFO - Scraping CIC from myStocks Kenya
2025-03-13 15:34:26,472 - INFO - Successfully scraped CIC data
2025-03-13 15:34:28,485 - INFO - Scraping CTUM from myStocks Kenya
2025-03-13 15:34:28,782 - INFO - Successfully scraped CTUM data
2025-03-13 15:34:30,791 - INFO - Scraping NBV from myStocks Kenya
2025-03-13 15:34:31,085 - INFO - Successfully scraped NBV data
2025-03-13 15:34:33,087 - INFO - Scraping HAFR from myStocks Kenya
2025-03-13 15:34:33,435 - INFO - Successfully scraped HAFR data
2025-03-13 15:34:35,449 - INFO - Scraping TOTL from myStocks Kenya
2025-03-13 15:34:35,761 - INFO - Successfully scraped TOTL data
2025-03-13 15:34:37,765 - INFO - Scraping KENO from myStocks Kenya
2025-03-13 15:34:38,253 - INFO - Successfully scraped KENO data
2025-03-13 15:34:40,263 - INFO - Scraping KUKZ from myStocks Kenya
2025-03-13 15:34:40,579 - INFO - Successfully scraped KUKZ data
2025-03-13 15:34:42,682 - INFO - Scraping SASN from myStocks Kenya
2025-03-13 15:34:43,616 - INFO - Successfully scraped SASN data
2025-03-13 15:34:45,711 - INFO - Scraping KAPC from myStocks Kenya
2025-03-13 15:34:46,008 - INFO - Successfully scraped KAPC data
2025-03-13 15:34:48,011 - INFO - Scraping SIC from myStocks Kenya
2025-03-13 15:34:48,195 - ERROR - Error scraping SIC from myStocks: 404 Client Error: Object "SIC" not found for url: https://live.mystocks.co.ke/stock=SIC
2025-03-13 15:34:48,196 - INFO - Scraping SCAN from myStocks Kenya
2025-03-13 15:34:48,586 - INFO - Successfully scraped SCAN data
2025-03-13 15:34:50,590 - INFO - Scraping NMG from myStocks Kenya
2025-03-13 15:34:50,924 - INFO - Successfully scraped NMG data
2025-03-13 15:34:52,933 - INFO - Scraping LKL from myStocks Kenya
2025-03-13 15:34:53,312 - INFO - Successfully scraped LKL data
2025-03-13 15:34:55,324 - INFO - Scraping UMME from myStocks Kenya
2025-03-13 15:34:55,684 - INFO - Successfully scraped UMME data
2025-03-13 15:34:57,711 - INFO - Saved myStocks data to nse_data/mystocks/stock_data_20250313_153346.csv
2025-03-13 15:34:57,717 - INFO - Scraping NSE indices data from Investing.com
2025-03-13 15:34:57,723 - INFO - Scraping NSE_20 from https://www.investing.com/indices/kenya-nse-20-historical-data
2025-03-13 15:35:00,565 - WARNING - No data table found for NSE_20
2025-03-13 15:35:03,575 - INFO - Scraping NASI from https://www.investing.com/indices/nairobi-all-share-historical-data
2025-03-13 15:35:05,534 - WARNING - No data table found for NASI
2025-03-13 15:35:08,540 - INFO - Collecting information about NSE datasets from Mendeley Data
2025-03-13 15:35:08,542 - INFO - Getting metadata for NSE_Stocks_2022 from https://data.mendeley.com/datasets/jmcdmnyh2s
2025-03-13 15:35:10,901 - INFO - Successfully collected metadata for NSE_Stocks_2022
2025-03-13 15:35:13,916 - INFO - Getting metadata for NSE_Stocks_2023_2024 from https://data.mendeley.com/datasets/ss5pfw8xnk/1
2025-03-13 15:35:15,804 - INFO - Successfully collected metadata for NSE_Stocks_2023_2024
2025-03-13 15:35:18,811 - INFO - Saved Mendeley dataset information to nse_data/mendeley/dataset_info_20250313_153346.csv
2025-03-13 15:35:18,812 - INFO - Note: To download the actual datasets, please visit the Mendeley Data website
2025-03-13 15:35:18,814 - INFO - Scraping completed! All data saved to c:\xampp\htdocs\PesaGuru\notebooks\predictive_modeling\nse_data
